Using pre-set license
Built from '2020.3/release' branch; Version is '2020.3.7f1 (dd97f2c94397) revision 14522354'; Using compiler version '192528614'; Build Type 'Release'
OS: 'Windows 10 Pro; OS build 19043.1237; Version 2009; 64bit' Language: 'en' Physical Memory: 3993 MB
BatchMode: 1, IsHumanControllingUs: 0, StartBugReporterOnCrash: 0, Is64bit: 1, IsPro: 0

 COMMAND LINE ARGUMENTS:
C:\Program Files\Unity\Hub\Editor\2020.3.7f1\Editor\Unity.exe
-adb2
-batchMode
-noUpm
-name
AssetImportWorker2
-projectPath
D:/Unity Projects/JuniorProgrammer
-logFile
Logs/AssetImportWorker2.log
-srvPort
59559
Successfully changed project path to: D:/Unity Projects/JuniorProgrammer
D:/Unity Projects/JuniorProgrammer
Using Asset Import Pipeline V2.
Refreshing native plugins compatible for Editor in 286.84 ms, found 0 plugins.
Preloading 0 native plugins for Editor in 0.00 ms.
Initialize engine version: 2020.3.7f1 (dd97f2c94397)
[Subsystems] Discovering subsystems at path C:/Program Files/Unity/Hub/Editor/2020.3.7f1/Editor/Data/Resources/UnitySubsystems
[Subsystems] Discovering subsystems at path D:/Unity Projects/JuniorProgrammer/Assets
GfxDevice: creating device client; threaded=0
Direct3D:
    Version:  Direct3D 11.0 [level 11.1]
    Renderer: Intel(R) HD Graphics (ID=0x22b1)
    Vendor:   
    VRAM:     1996 MB
    Driver:   20.19.15.4963
Shader 'Universal Render Pipeline/Particles/Lit': fallback shader 'Universal Render Pipeline/Particles/SimpleLit' not found
Initialize mono
Mono path[0] = 'C:/Program Files/Unity/Hub/Editor/2020.3.7f1/Editor/Data/Managed'
Mono path[1] = 'C:/Program Files/Unity/Hub/Editor/2020.3.7f1/Editor/Data/MonoBleedingEdge/lib/mono/unityjit'
Mono config path = 'C:/Program Files/Unity/Hub/Editor/2020.3.7f1/Editor/Data/MonoBleedingEdge/etc'
Using monoOptions --debugger-agent=transport=dt_socket,embedding=1,server=y,suspend=n,address=127.0.0.1:56528
Begin MonoManager ReloadAssembly
Registering precompiled unity dll's ...
Register platform support module: C:/Program Files/Unity/Hub/Editor/2020.3.7f1/Editor/Data/PlaybackEngines/WebGLSupport/UnityEditor.WebGL.Extensions.dll
Register platform support module: C:/Program Files/Unity/Hub/Editor/2020.3.7f1/Editor/Data/PlaybackEngines/WindowsStandaloneSupport/UnityEditor.WindowsStandalone.Extensions.dll
Registered in 0.012531 seconds.
Native extension for WindowsStandalone target not found
Native extension for WebGL target not found
Refreshing native plugins compatible for Editor in 184.93 ms, found 0 plugins.
Preloading 0 native plugins for Editor in 0.00 ms.
Mono: successfully reloaded assembly
- Completed reload, in  5.156 seconds
Platform modules already initialized, skipping
Registering precompiled user dll's ...
Registered in 0.005589 seconds.
Begin MonoManager ReloadAssembly
Native extension for WindowsStandalone target not found
Native extension for WebGL target not found
Refreshing native plugins compatible for Editor in 200.37 ms, found 0 plugins.
Preloading 0 native plugins for Editor in 0.00 ms.
Mono: successfully reloaded assembly
- Completed reload, in  4.669 seconds
Platform modules already initialized, skipping
========================================================================
Worker process is ready to serve import requests
Shader 'Universal Render Pipeline/Particles/Lit': fallback shader 'Universal Render Pipeline/Particles/SimpleLit' not found
Launched and connected shader compiler UnityShaderCompiler.exe after 0.30 seconds
Refreshing native plugins compatible for Editor in 1.35 ms, found 0 plugins.
Preloading 0 native plugins for Editor in 0.00 ms.
Unloading 2359 Unused Serialized files (Serialized files now loaded: 0)
System memory in use before: 111.0 MB.
System memory in use after: 111.2 MB.

Unloading 10 unused Assets to reduce memory usage. Loaded Objects now: 2805.
Total: 8.392800 ms (FindLiveObjects: 1.072500 ms CreateObjectMapping: 0.492500 ms MarkObjects: 6.557500 ms  DeleteObjects: 0.265200 ms)

========================================================================
Received Import Request.
  path: Assets/Scenes/Main.unity
  artifactKey: Guid(49eb575efe7f42741b60381cc0e8b633) Importer(815301076,1909f56bfc062723c751e8b465ee728b)
Start importing Assets/Scenes/Main.unity using Guid(49eb575efe7f42741b60381cc0e8b633) Importer(815301076,1909f56bfc062723c751e8b465ee728b)  -> (artifact id: '963bb40a98aa06e8c116a6c0490eaeb6') in 0.153616 seconds
  Import took 0.202548 seconds .

========================================================================
Received Import Request.
  Time since last request: 5436.059764 seconds.
  path: Assets/Scripts/UserControl.cs
  artifactKey: Guid(199e5487dc20dbe4b906a0f91f07d50e) Importer(815301076,1909f56bfc062723c751e8b465ee728b)
Start importing Assets/Scripts/UserControl.cs using Guid(199e5487dc20dbe4b906a0f91f07d50e) Importer(815301076,1909f56bfc062723c751e8b465ee728b)  -> (artifact id: '0b93c342f9abcfd800a60a6e2e168cff') in 0.249000 seconds
  Import took 0.332209 seconds .

========================================================================
Received Import Request.
  Time since last request: 0.086600 seconds.
  path: Assets/Scripts/UserControl.cs
  artifactKey: Guid(199e5487dc20dbe4b906a0f91f07d50e) Importer(815301076,1909f56bfc062723c751e8b465ee728b)
Start importing Assets/Scripts/UserControl.cs using Guid(199e5487dc20dbe4b906a0f91f07d50e) Importer(815301076,1909f56bfc062723c751e8b465ee728b)  -> (artifact id: '0b93c342f9abcfd800a60a6e2e168cff') in 0.076373 seconds
  Import took 0.115016 seconds .

========================================================================
Received Prepare
Registering precompiled user dll's ...
Registered in 0.012503 seconds.
Begin MonoManager ReloadAssembly
Native extension for WindowsStandalone target not found
Native extension for WebGL target not found
Refreshing native plugins compatible for Editor in 2.32 ms, found 0 plugins.
Preloading 0 native plugins for Editor in 0.00 ms.
Mono: successfully reloaded assembly
- Completed reload, in  6.889 seconds
Platform modules already initialized, skipping
Shader 'Universal Render Pipeline/Particles/Lit': fallback shader 'Universal Render Pipeline/Particles/SimpleLit' not found
Refreshing native plugins compatible for Editor in 1.63 ms, found 0 plugins.
Preloading 0 native plugins for Editor in 0.00 ms.
Unloading 2251 Unused Serialized files (Serialized files now loaded: 0)
System memory in use before: 104.3 MB.
System memory in use after: 104.5 MB.

Unloading 5 unused Assets to reduce memory usage. Loaded Objects now: 2808.
Total: 17.548800 ms (FindLiveObjects: 1.078900 ms CreateObjectMapping: 0.441500 ms MarkObjects: 15.784500 ms  DeleteObjects: 0.236300 ms)

========================================================================
Received Import Request.
  Time since last request: 500.443814 seconds.
  path: Assets/Scripts/UserControl.cs
  artifactKey: Guid(199e5487dc20dbe4b906a0f91f07d50e) Importer(815301076,1909f56bfc062723c751e8b465ee728b)
Start importing Assets/Scripts/UserControl.cs using Guid(199e5487dc20dbe4b906a0f91f07d50e) Importer(815301076,1909f56bfc062723c751e8b465ee728b)  -> (artifact id: '747a8f12ee71f8022e8f67293409cd95') in 0.067535 seconds
  Import took 0.118003 seconds .

========================================================================
Received Prepare
Registering precompiled user dll's ...
Registered in 0.006792 seconds.
Begin MonoManager ReloadAssembly
Native extension for WindowsStandalone target not found
Native extension for WebGL target not found
Refreshing native plugins compatible for Editor in 1.63 ms, found 0 plugins.
Preloading 0 native plugins for Editor in 0.00 ms.
Mono: successfully reloaded assembly
- Completed reload, in  5.979 seconds
Platform modules already initialized, skipping
Shader 'Universal Render Pipeline/Particles/Lit': fallback shader 'Universal Render Pipeline/Particles/SimpleLit' not found
Refreshing native plugins compatible for Editor in 1.43 ms, found 0 plugins.
Preloading 0 native plugins for Editor in 0.00 ms.
Unloading 2251 Unused Serialized files (Serialized files now loaded: 0)
System memory in use before: 104.3 MB.
System memory in use after: 104.5 MB.

Unloading 5 unused Assets to reduce memory usage. Loaded Objects now: 2811.
Total: 9.148800 ms (FindLiveObjects: 1.157100 ms CreateObjectMapping: 0.418300 ms MarkObjects: 7.485600 ms  DeleteObjects: 0.067400 ms)

========================================================================
Received Import Request.
  Time since last request: 318.819438 seconds.
  path: Assets/Prefabs/ProductivityUnit.prefab
  artifactKey: Guid(16dd4f9b087d73f4096a0216d9dab6ab) Importer(815301076,1909f56bfc062723c751e8b465ee728b)
Start importing Assets/Prefabs/ProductivityUnit.prefab using Guid(16dd4f9b087d73f4096a0216d9dab6ab) Importer(815301076,1909f56bfc062723c751e8b465ee728b)  -> (artifact id: '8f9d9e33ce76af6f2b4322c66d2ae827') in 8.188286 seconds
  Import took 8.236825 seconds .

========================================================================
Received Import Request.
  Time since last request: 5.293603 seconds.
  path: Assets/Prefabs/TransporterUnit.prefab
  artifactKey: Guid(2a70994ccfb8c10458381d3fb3626547) Importer(815301076,1909f56bfc062723c751e8b465ee728b)
Start importing Assets/Prefabs/TransporterUnit.prefab using Guid(2a70994ccfb8c10458381d3fb3626547) Importer(815301076,1909f56bfc062723c751e8b465ee728b)  -> (artifact id: '0791454c9b2ece1eba9896d44c3b5a61') in 0.191905 seconds
  Import took 0.267476 seconds .

========================================================================
Received Import Request.
  Time since last request: 0.003303 seconds.
  path: Assets/Prefabs/TransporterUnit.prefab
  artifactKey: Guid(2a70994ccfb8c10458381d3fb3626547) Importer(815301076,1909f56bfc062723c751e8b465ee728b)
Start importing Assets/Prefabs/TransporterUnit.prefab using Guid(2a70994ccfb8c10458381d3fb3626547) Importer(815301076,1909f56bfc062723c751e8b465ee728b)  -> (artifact id: '0791454c9b2ece1eba9896d44c3b5a61') in 0.159916 seconds
  Import took 0.201210 seconds .

========================================================================
Received Import Request.
  Time since last request: 4.839716 seconds.
  path: Assets/Prefabs/UI/ColorButton.prefab
  artifactKey: Guid(550a8281bf235dd4e8407162745631ba) Importer(815301076,1909f56bfc062723c751e8b465ee728b)
Start importing Assets/Prefabs/UI/ColorButton.prefab using Guid(550a8281bf235dd4e8407162745631ba) Importer(815301076,1909f56bfc062723c751e8b465ee728b)  -> (artifact id: 'aa37ac8196ee80febd28c3399ed398df') in 0.144216 seconds
  Import took 0.175592 seconds .

========================================================================
Received Import Request.
  Time since last request: 0.140252 seconds.
  path: Assets/Prefabs/UI/ColorButton.prefab
  artifactKey: Guid(550a8281bf235dd4e8407162745631ba) Importer(815301076,1909f56bfc062723c751e8b465ee728b)
Start importing Assets/Prefabs/UI/ColorButton.prefab using Guid(550a8281bf235dd4e8407162745631ba) Importer(815301076,1909f56bfc062723c751e8b465ee728b)  -> (artifact id: 'aa37ac8196ee80febd28c3399ed398df') in 0.026197 seconds
  Import took 0.047292 seconds .

========================================================================
Received Import Request.
  Time since last request: 2.323351 seconds.
  path: Assets/Prefabs/UI/ContentEntry.prefab
  artifactKey: Guid(6e98b5224d000d744997c6c881d15ee9) Importer(815301076,1909f56bfc062723c751e8b465ee728b)
Start importing Assets/Prefabs/UI/ContentEntry.prefab using Guid(6e98b5224d000d744997c6c881d15ee9) Importer(815301076,1909f56bfc062723c751e8b465ee728b)  -> (artifact id: 'f317e3e47c75a2ffe07a24838f87258c') in 0.090010 seconds
  Import took 0.127787 seconds .

========================================================================
Received Import Request.
  Time since last request: 1.420458 seconds.
  path: Assets/Prefabs/UI/Marker.prefab
  artifactKey: Guid(d9ab901c7fa373a4db0a71e500773730) Importer(815301076,1909f56bfc062723c751e8b465ee728b)
Start importing Assets/Prefabs/UI/Marker.prefab using Guid(d9ab901c7fa373a4db0a71e500773730) Importer(815301076,1909f56bfc062723c751e8b465ee728b)  -> (artifact id: '63baeba439225fa90020da59c05c140b') in 0.248856 seconds
  Import took 0.286264 seconds .

========================================================================
Received Import Request.
  Time since last request: 6.374379 seconds.
  path: Assets/Prefabs/Environment/Rack Variant.prefab
  artifactKey: Guid(79d7c88d232401041a7cf2c8adafb877) Importer(815301076,1909f56bfc062723c751e8b465ee728b)
Start importing Assets/Prefabs/Environment/Rack Variant.prefab using Guid(79d7c88d232401041a7cf2c8adafb877) Importer(815301076,1909f56bfc062723c751e8b465ee728b)  -> (artifact id: '983e06805a84c8d46091a90eda28767f') in 0.131840 seconds
  Import took 0.191905 seconds .

========================================================================
Received Import Request.
  Time since last request: 7.915047 seconds.
  path: Assets/Prefabs/Buildings/DropPoint Variant.prefab
  artifactKey: Guid(2c711c53ad47b83409ac3aa71ef70768) Importer(815301076,1909f56bfc062723c751e8b465ee728b)
Start importing Assets/Prefabs/Buildings/DropPoint Variant.prefab using Guid(2c711c53ad47b83409ac3aa71ef70768) Importer(815301076,1909f56bfc062723c751e8b465ee728b)  -> (artifact id: '091894024edda2a6bcc459a3c93d151d') in 0.219245 seconds
  Import took 0.265893 seconds .

========================================================================
Received Import Request.
  Time since last request: 6.220887 seconds.
  path: Assets/Prefabs/Buildings/ResourceType1.prefab
  artifactKey: Guid(ba025154ecd8a6140a4ca7d5eb0b4e01) Importer(815301076,1909f56bfc062723c751e8b465ee728b)
Start importing Assets/Prefabs/Buildings/ResourceType1.prefab using Guid(ba025154ecd8a6140a4ca7d5eb0b4e01) Importer(815301076,1909f56bfc062723c751e8b465ee728b)  -> (artifact id: 'a9056f0143cbd44db38ef4f337123215') in 0.182883 seconds
  Import took 0.236540 seconds .

========================================================================
Received Import Request.
  Time since last request: 2.651893 seconds.
  path: Assets/Prefabs/Buildings/ResourceType2.prefab
  artifactKey: Guid(ddfb6a0cbb10de942bf5d6ccec5fca6a) Importer(815301076,1909f56bfc062723c751e8b465ee728b)
Start importing Assets/Prefabs/Buildings/ResourceType2.prefab using Guid(ddfb6a0cbb10de942bf5d6ccec5fca6a) Importer(815301076,1909f56bfc062723c751e8b465ee728b)  -> (artifact id: '88bbe9d9cc7ff44106433320a5f4226a') in 0.272410 seconds
  Import took 0.336099 seconds .

========================================================================
Received Import Request.
  Time since last request: 160.603127 seconds.
  path: Assets/Scripts/ProductivityUnit.cs
  artifactKey: Guid(f68f8fa84405bb041a0329815c00cfc3) Importer(815301076,1909f56bfc062723c751e8b465ee728b)
Start importing Assets/Scripts/ProductivityUnit.cs using Guid(f68f8fa84405bb041a0329815c00cfc3) Importer(815301076,1909f56bfc062723c751e8b465ee728b)  -> (artifact id: '59bf8fd8ddf0d0f742a7380fa0a99425') in 0.653855 seconds
  Import took 0.736470 seconds .

========================================================================
Received Prepare
Registering precompiled user dll's ...
Registered in 0.004915 seconds.
Begin MonoManager ReloadAssembly
Native extension for WindowsStandalone target not found
Native extension for WebGL target not found
Refreshing native plugins compatible for Editor in 1.40 ms, found 0 plugins.
Preloading 0 native plugins for Editor in 0.00 ms.
Mono: successfully reloaded assembly
- Completed reload, in  6.228 seconds
Platform modules already initialized, skipping
Shader 'Universal Render Pipeline/Particles/Lit': fallback shader 'Universal Render Pipeline/Particles/SimpleLit' not found
Refreshing native plugins compatible for Editor in 2.43 ms, found 0 plugins.
Preloading 0 native plugins for Editor in 0.00 ms.
Unloading 2252 Unused Serialized files (Serialized files now loaded: 0)
System memory in use before: 123.4 MB.
System memory in use after: 123.6 MB.

Unloading 7 unused Assets to reduce memory usage. Loaded Objects now: 2864.
Total: 9.038900 ms (FindLiveObjects: 1.278700 ms CreateObjectMapping: 0.478000 ms MarkObjects: 7.152500 ms  DeleteObjects: 0.122600 ms)

========================================================================
Received Prepare
Registering precompiled user dll's ...
Registered in 0.133230 seconds.
Begin MonoManager ReloadAssembly
Native extension for WindowsStandalone target not found
Native extension for WebGL target not found
Refreshing native plugins compatible for Editor in 1.42 ms, found 0 plugins.
Preloading 0 native plugins for Editor in 0.00 ms.
Mono: successfully reloaded assembly
- Completed reload, in  8.275 seconds
Platform modules already initialized, skipping
Shader 'Universal Render Pipeline/Particles/Lit': fallback shader 'Universal Render Pipeline/Particles/SimpleLit' not found
Refreshing native plugins compatible for Editor in 6.44 ms, found 0 plugins.
Preloading 0 native plugins for Editor in 0.00 ms.
Unloading 2252 Unused Serialized files (Serialized files now loaded: 0)
System memory in use before: 123.4 MB.
System memory in use after: 123.6 MB.

Unloading 5 unused Assets to reduce memory usage. Loaded Objects now: 2867.
Total: 50.100300 ms (FindLiveObjects: 3.211400 ms CreateObjectMapping: 1.136500 ms MarkObjects: 45.549900 ms  DeleteObjects: 0.194900 ms)

========================================================================
Received Prepare
Registering precompiled user dll's ...
Registered in 0.006081 seconds.
Begin MonoManager ReloadAssembly
Native extension for WindowsStandalone target not found
Native extension for WebGL target not found
Refreshing native plugins compatible for Editor in 2.74 ms, found 0 plugins.
Preloading 0 native plugins for Editor in 0.00 ms.
Mono: successfully reloaded assembly
- Completed reload, in  6.076 seconds
Platform modules already initialized, skipping
Shader 'Universal Render Pipeline/Particles/Lit': fallback shader 'Universal Render Pipeline/Particles/SimpleLit' not found
Refreshing native plugins compatible for Editor in 29.87 ms, found 0 plugins.
Preloading 0 native plugins for Editor in 0.00 ms.
Unloading 2252 Unused Serialized files (Serialized files now loaded: 0)
System memory in use before: 123.3 MB.
System memory in use after: 123.6 MB.

Unloading 5 unused Assets to reduce memory usage. Loaded Objects now: 2870.
Total: 40.206000 ms (FindLiveObjects: 1.606300 ms CreateObjectMapping: 0.623500 ms MarkObjects: 37.851600 ms  DeleteObjects: 0.103900 ms)

========================================================================
Received Prepare
Registering precompiled user dll's ...
Registered in 0.014632 seconds.
Begin MonoManager ReloadAssembly
Native extension for WindowsStandalone target not found
Native extension for WebGL target not found
Refreshing native plugins compatible for Editor in 1.36 ms, found 0 plugins.
Preloading 0 native plugins for Editor in 0.00 ms.
Mono: successfully reloaded assembly
- Completed reload, in  4.492 seconds
Platform modules already initialized, skipping
Shader 'Universal Render Pipeline/Particles/Lit': fallback shader 'Universal Render Pipeline/Particles/SimpleLit' not found
Refreshing native plugins compatible for Editor in 1.37 ms, found 0 plugins.
Preloading 0 native plugins for Editor in 0.00 ms.
Unloading 2252 Unused Serialized files (Serialized files now loaded: 0)
System memory in use before: 123.5 MB.
System memory in use after: 123.7 MB.

Unloading 5 unused Assets to reduce memory usage. Loaded Objects now: 2873.
Total: 13.676200 ms (FindLiveObjects: 4.918200 ms CreateObjectMapping: 0.563200 ms MarkObjects: 8.087000 ms  DeleteObjects: 0.086900 ms)

========================================================================
Received Prepare
Registering precompiled user dll's ...
Registered in 0.014793 seconds.
Begin MonoManager ReloadAssembly
Native extension for WindowsStandalone target not found
Native extension for WebGL target not found
Refreshing native plugins compatible for Editor in 2.69 ms, found 0 plugins.
Preloading 0 native plugins for Editor in 0.00 ms.
Mono: successfully reloaded assembly
- Completed reload, in  9.638 seconds
Platform modules already initialized, skipping
Shader 'Universal Render Pipeline/Particles/Lit': fallback shader 'Universal Render Pipeline/Particles/SimpleLit' not found
Refreshing native plugins compatible for Editor in 8.40 ms, found 0 plugins.
Preloading 0 native plugins for Editor in 0.00 ms.
Unloading 2252 Unused Serialized files (Serialized files now loaded: 0)
System memory in use before: 123.5 MB.
System memory in use after: 123.7 MB.

Unloading 5 unused Assets to reduce memory usage. Loaded Objects now: 2876.
Total: 12.870700 ms (FindLiveObjects: 4.457100 ms CreateObjectMapping: 0.627800 ms MarkObjects: 7.687700 ms  DeleteObjects: 0.089300 ms)

========================================================================
Received Import Request.
  Time since last request: 1465.979128 seconds.
  path: Assets/Optimization/Scenes
  artifactKey: Guid(889d7149e71f26648ac71507009f0e77) Importer(815301076,1909f56bfc062723c751e8b465ee728b)
Start importing Assets/Optimization/Scenes using Guid(889d7149e71f26648ac71507009f0e77) Importer(815301076,1909f56bfc062723c751e8b465ee728b)  -> (artifact id: '60cca611326169533e9226f575926cbd') in 0.064528 seconds
  Import took 0.112992 seconds .

========================================================================
Received Import Request.
  Time since last request: 1.501584 seconds.
  path: Assets/Optimization/Scenes/Optimization.unity
  artifactKey: Guid(ef9cfffec52b95d4cb2aee41633d8d76) Importer(815301076,1909f56bfc062723c751e8b465ee728b)
Start importing Assets/Optimization/Scenes/Optimization.unity using Guid(ef9cfffec52b95d4cb2aee41633d8d76) Importer(815301076,1909f56bfc062723c751e8b465ee728b)  -> (artifact id: '21bf520dd85c570007bddf4d333819f8') in 0.140142 seconds
  Import took 0.184492 seconds .

========================================================================
Received Prepare
Registering precompiled user dll's ...
Registered in 0.004752 seconds.
Begin MonoManager ReloadAssembly
Native extension for WindowsStandalone target not found
Native extension for WebGL target not found
Refreshing native plugins compatible for Editor in 1.37 ms, found 0 plugins.
Preloading 0 native plugins for Editor in 0.00 ms.
Mono: successfully reloaded assembly
- Completed reload, in  8.869 seconds
Platform modules already initialized, skipping
Shader 'Universal Render Pipeline/Particles/Lit': fallback shader 'Universal Render Pipeline/Particles/SimpleLit' not found
Refreshing native plugins compatible for Editor in 3.95 ms, found 0 plugins.
Preloading 0 native plugins for Editor in 0.00 ms.
Unloading 2252 Unused Serialized files (Serialized files now loaded: 0)
System memory in use before: 123.5 MB.
System memory in use after: 123.8 MB.

Unloading 5 unused Assets to reduce memory usage. Loaded Objects now: 2879.
Total: 37.256800 ms (FindLiveObjects: 19.233700 ms CreateObjectMapping: 2.310800 ms MarkObjects: 15.596800 ms  DeleteObjects: 0.108600 ms)

========================================================================
Received Import Request.
  Time since last request: 87.025008 seconds.
  path: Assets/Optimization/Scripts/OptimManager.cs
  artifactKey: Guid(2c51b6301e0ed06488e439b9fd6bd7f2) Importer(815301076,1909f56bfc062723c751e8b465ee728b)
Start importing Assets/Optimization/Scripts/OptimManager.cs using Guid(2c51b6301e0ed06488e439b9fd6bd7f2) Importer(815301076,1909f56bfc062723c751e8b465ee728b)  -> (artifact id: '8001d6c5a4a335a2b7be971af42b0fbf') in 0.098655 seconds
  Import took 0.144934 seconds .

========================================================================
Received Prepare
Registering precompiled user dll's ...
Registered in 0.007377 seconds.
Begin MonoManager ReloadAssembly
Native extension for WindowsStandalone target not found
Native extension for WebGL target not found
Refreshing native plugins compatible for Editor in 11.60 ms, found 0 plugins.
Preloading 0 native plugins for Editor in 0.00 ms.
Mono: successfully reloaded assembly
- Completed reload, in  8.216 seconds
Platform modules already initialized, skipping
Shader 'Universal Render Pipeline/Particles/Lit': fallback shader 'Universal Render Pipeline/Particles/SimpleLit' not found
Refreshing native plugins compatible for Editor in 2.54 ms, found 0 plugins.
Preloading 0 native plugins for Editor in 0.00 ms.
Unloading 2252 Unused Serialized files (Serialized files now loaded: 0)
System memory in use before: 123.6 MB.
System memory in use after: 123.8 MB.

Unloading 5 unused Assets to reduce memory usage. Loaded Objects now: 2882.
Total: 54.165600 ms (FindLiveObjects: 4.052900 ms CreateObjectMapping: 0.986900 ms MarkObjects: 49.024500 ms  DeleteObjects: 0.094700 ms)

========================================================================
Received Prepare
Registering precompiled user dll's ...
Registered in 0.005354 seconds.
Begin MonoManager ReloadAssembly
Native extension for WindowsStandalone target not found
Native extension for WebGL target not found
Refreshing native plugins compatible for Editor in 1.37 ms, found 0 plugins.
Preloading 0 native plugins for Editor in 0.00 ms.
Mono: successfully reloaded assembly
- Completed reload, in  7.073 seconds
Platform modules already initialized, skipping
Shader 'Universal Render Pipeline/Particles/Lit': fallback shader 'Universal Render Pipeline/Particles/SimpleLit' not found
Refreshing native plugins compatible for Editor in 1.38 ms, found 0 plugins.
Preloading 0 native plugins for Editor in 0.00 ms.
Unloading 2252 Unused Serialized files (Serialized files now loaded: 0)
System memory in use before: 123.5 MB.
System memory in use after: 123.7 MB.

Unloading 5 unused Assets to reduce memory usage. Loaded Objects now: 2885.
Total: 9.215200 ms (FindLiveObjects: 1.880500 ms CreateObjectMapping: 0.737600 ms MarkObjects: 6.522600 ms  DeleteObjects: 0.067400 ms)

========================================================================
Received Prepare
Registering precompiled user dll's ...
Registered in 0.008341 seconds.
Begin MonoManager ReloadAssembly
Native extension for WindowsStandalone target not found
Native extension for WebGL target not found
Refreshing native plugins compatible for Editor in 2.69 ms, found 0 plugins.
Preloading 0 native plugins for Editor in 0.00 ms.
Mono: successfully reloaded assembly
- Completed reload, in  6.204 seconds
Platform modules already initialized, skipping
Shader 'Universal Render Pipeline/Particles/Lit': fallback shader 'Universal Render Pipeline/Particles/SimpleLit' not found
Refreshing native plugins compatible for Editor in 1.89 ms, found 0 plugins.
Preloading 0 native plugins for Editor in 0.00 ms.
Unloading 2252 Unused Serialized files (Serialized files now loaded: 0)
System memory in use before: 123.6 MB.
System memory in use after: 123.9 MB.

Unloading 5 unused Assets to reduce memory usage. Loaded Objects now: 2888.
Total: 17.927600 ms (FindLiveObjects: 1.180700 ms CreateObjectMapping: 0.943300 ms MarkObjects: 15.717600 ms  DeleteObjects: 0.079500 ms)

========================================================================
Received Import Request.
  Time since last request: 367.983324 seconds.
  path: Assets/Optimization/Scripts/OptimUnit.cs
  artifactKey: Guid(7bd4aa01157ba454d9f93a427005f1c6) Importer(815301076,1909f56bfc062723c751e8b465ee728b)
Start importing Assets/Optimization/Scripts/OptimUnit.cs using Guid(7bd4aa01157ba454d9f93a427005f1c6) Importer(815301076,1909f56bfc062723c751e8b465ee728b)  -> (artifact id: '83f59553b24144fe82c8c54b8f1f81a6') in 0.060198 seconds
  Import took 0.097232 seconds .

========================================================================
Received Prepare
Registering precompiled user dll's ...
Registered in 0.007377 seconds.
Begin MonoManager ReloadAssembly
Native extension for WindowsStandalone target not found
Native extension for WebGL target not found
Refreshing native plugins compatible for Editor in 1.39 ms, found 0 plugins.
Preloading 0 native plugins for Editor in 0.00 ms.
Mono: successfully reloaded assembly
- Completed reload, in  5.351 seconds
Platform modules already initialized, skipping
Shader 'Universal Render Pipeline/Particles/Lit': fallback shader 'Universal Render Pipeline/Particles/SimpleLit' not found
Refreshing native plugins compatible for Editor in 1.41 ms, found 0 plugins.
Preloading 0 native plugins for Editor in 0.00 ms.
Unloading 2252 Unused Serialized files (Serialized files now loaded: 0)
System memory in use before: 123.7 MB.
System memory in use after: 123.9 MB.

Unloading 5 unused Assets to reduce memory usage. Loaded Objects now: 2891.
Total: 9.099900 ms (FindLiveObjects: 1.208500 ms CreateObjectMapping: 0.444500 ms MarkObjects: 7.334700 ms  DeleteObjects: 0.106100 ms)

========================================================================
Received Import Request.
  Time since last request: 198.949082 seconds.
  path: Assets/Optimization/Scripts/OptimUnit.cs
  artifactKey: Guid(7bd4aa01157ba454d9f93a427005f1c6) Importer(815301076,1909f56bfc062723c751e8b465ee728b)
Start importing Assets/Optimization/Scripts/OptimUnit.cs using Guid(7bd4aa01157ba454d9f93a427005f1c6) Importer(815301076,1909f56bfc062723c751e8b465ee728b)  -> (artifact id: 'e67ac0d325eb5a8edb48bd4410968b1d') in 0.128775 seconds
  Import took 0.218647 seconds .

========================================================================
Received Import Request.
  Time since last request: 2.466048 seconds.
  path: Assets/Optimization/Scripts/OptimUnit.cs
  artifactKey: Guid(7bd4aa01157ba454d9f93a427005f1c6) Importer(815301076,1909f56bfc062723c751e8b465ee728b)
Start importing Assets/Optimization/Scripts/OptimUnit.cs using Guid(7bd4aa01157ba454d9f93a427005f1c6) Importer(815301076,1909f56bfc062723c751e8b465ee728b)  -> (artifact id: 'e67ac0d325eb5a8edb48bd4410968b1d') in 0.051204 seconds
  Import took 0.063102 seconds .

========================================================================
Received Prepare
Registering precompiled user dll's ...
Registered in 0.008922 seconds.
Begin MonoManager ReloadAssembly
Native extension for WindowsStandalone target not found
Native extension for WebGL target not found
Refreshing native plugins compatible for Editor in 1.37 ms, found 0 plugins.
Preloading 0 native plugins for Editor in 0.00 ms.
Mono: successfully reloaded assembly
- Completed reload, in  6.316 seconds
Platform modules already initialized, skipping
Shader 'Universal Render Pipeline/Particles/Lit': fallback shader 'Universal Render Pipeline/Particles/SimpleLit' not found
Refreshing native plugins compatible for Editor in 1.76 ms, found 0 plugins.
Preloading 0 native plugins for Editor in 0.00 ms.
Unloading 2252 Unused Serialized files (Serialized files now loaded: 0)
System memory in use before: 123.7 MB.
System memory in use after: 123.9 MB.

Unloading 5 unused Assets to reduce memory usage. Loaded Objects now: 2894.
Total: 69.854900 ms (FindLiveObjects: 1.697300 ms CreateObjectMapping: 5.768200 ms MarkObjects: 62.311800 ms  DeleteObjects: 0.068900 ms)

========================================================================
Received Prepare
Registering precompiled user dll's ...
Registered in 0.004844 seconds.
Begin MonoManager ReloadAssembly
Native extension for WindowsStandalone target not found
Native extension for WebGL target not found
Refreshing native plugins compatible for Editor in 1.45 ms, found 0 plugins.
Preloading 0 native plugins for Editor in 0.00 ms.
Mono: successfully reloaded assembly
- Completed reload, in  7.918 seconds
Platform modules already initialized, skipping
Shader 'Universal Render Pipeline/Particles/Lit': fallback shader 'Universal Render Pipeline/Particles/SimpleLit' not found
Refreshing native plugins compatible for Editor in 1.40 ms, found 0 plugins.
Preloading 0 native plugins for Editor in 0.00 ms.
Unloading 2252 Unused Serialized files (Serialized files now loaded: 0)
System memory in use before: 123.7 MB.
System memory in use after: 124.0 MB.

Unloading 5 unused Assets to reduce memory usage. Loaded Objects now: 2897.
Total: 9.576700 ms (FindLiveObjects: 2.004200 ms CreateObjectMapping: 0.521100 ms MarkObjects: 6.975900 ms  DeleteObjects: 0.069300 ms)

========================================================================
Received Prepare
Registering precompiled user dll's ...
Registered in 0.006933 seconds.
Begin MonoManager ReloadAssembly
Native extension for WindowsStandalone target not found
Native extension for WebGL target not found
Refreshing native plugins compatible for Editor in 1.43 ms, found 0 plugins.
Preloading 0 native plugins for Editor in 0.00 ms.
Mono: successfully reloaded assembly
- Completed reload, in  6.860 seconds
Platform modules already initialized, skipping
Shader 'Universal Render Pipeline/Particles/Lit': fallback shader 'Universal Render Pipeline/Particles/SimpleLit' not found
Refreshing native plugins compatible for Editor in 1.51 ms, found 0 plugins.
Preloading 0 native plugins for Editor in 0.00 ms.
Unloading 2252 Unused Serialized files (Serialized files now loaded: 0)
System memory in use before: 123.7 MB.
System memory in use after: 123.9 MB.

Unloading 5 unused Assets to reduce memory usage. Loaded Objects now: 2900.
Total: 49.270200 ms (FindLiveObjects: 9.360000 ms CreateObjectMapping: 0.567700 ms MarkObjects: 39.262200 ms  DeleteObjects: 0.073800 ms)

AssetImportWorkerClient::OnTransportError - code=2 error=End of file
